###############################################################################
#                                                                             #
# IAR C/C++ Compiler V1.31.1.20058 [Evaluation] for STM828/May/2019  16:13:15 #
# Copyright 2010-2012 IAR Systems AB.                                         #
#                                                                             #
#    Source file  =  E:\Desktop\J19B_STM8\BSP\led\led.c                       #
#    Command line =  E:\Desktop\J19B_STM8\BSP\led\led.c -e -Ol --no_cse       #
#                    --no_unroll --no_inline --no_code_motion --no_tbaa       #
#                    --no_cross_call --debug --code_model small --data_model  #
#                    medium -o E:\Desktop\J19B_STM8\Debug\Obj\ --dlib_config  #
#                    "D:\Program Files (x86)\IAR Systems\Embedded Workbench   #
#                    6.0 Evaluation\stm8\LIB\dlstm8smf.h" -lcN                #
#                    E:\Desktop\J19B_STM8\Debug\List\ -lB                     #
#                    E:\Desktop\J19B_STM8\Debug\List\ -I                      #
#                    E:\Desktop\J19B_STM8\Lib\inc\ -I                         #
#                    E:\Desktop\J19B_STM8\BSP\led\ -I                         #
#                    E:\Desktop\J19B_STM8\BSP\uart\ -I                        #
#                    E:\Desktop\J19B_STM8\BSP\AD7798\ -I                      #
#                    E:\Desktop\J19B_STM8\BSP\spi\ -I                         #
#                    E:\Desktop\J19B_STM8\USR\ -I                             #
#                    E:\Desktop\J19B_STM8\BSP\delay\ -I                       #
#                    E:\Desktop\J19B_STM8\BSP\tim1\ --vregs 16                #
#    List file    =  E:\Desktop\J19B_STM8\Debug\List\led.lst                  #
#    Object file  =  E:\Desktop\J19B_STM8\Debug\Obj\led.o                     #
#                                                                             #
#                                                                             #
###############################################################################

E:\Desktop\J19B_STM8\BSP\led\led.c
      1          #include "led.h"
      2          
      3          void LED_conf(void)
      4          {
      5            GPIO_Init(GPIOB,(GPIO_Pin_TypeDef)GPIO_PIN_5,GPIO_MODE_OUT_PP_HIGH_FAST);
      6            
      7            
      8          }

   Section sizes:

     Function/Label Bytes
     -------------- -----
     LED_conf         12

 
 12 bytes in section .near_func.text
 
 12 bytes of CODE memory

Errors: none
Warnings: none
