###############################################################################
#                                                                             #
# IAR C/C++ Compiler V1.31.1.20058 [Evaluation] for STM831/May/2019  19:47:10 #
# Copyright 2010-2012 IAR Systems AB.                                         #
#                                                                             #
#    Source file  =  E:\Desktop\J19B_4E\BSP\spi\spi.c                         #
#    Command line =  E:\Desktop\J19B_4E\BSP\spi\spi.c -e -Ol --no_cse         #
#                    --no_unroll --no_inline --no_code_motion --no_tbaa       #
#                    --no_cross_call --debug --code_model small --data_model  #
#                    medium -o E:\Desktop\J19B_4E\Debug\Obj\ --dlib_config    #
#                    "D:\Program Files (x86)\IAR Systems\Embedded Workbench   #
#                    6.0 Evaluation\stm8\LIB\dlstm8smf.h" -lcN                #
#                    E:\Desktop\J19B_4E\Debug\List\ -lB                       #
#                    E:\Desktop\J19B_4E\Debug\List\ -I                        #
#                    E:\Desktop\J19B_4E\Lib\inc\ -I                           #
#                    E:\Desktop\J19B_4E\BSP\led\ -I                           #
#                    E:\Desktop\J19B_4E\BSP\uart\ -I                          #
#                    E:\Desktop\J19B_4E\BSP\AD7798\ -I                        #
#                    E:\Desktop\J19B_4E\BSP\spi\ -I E:\Desktop\J19B_4E\USR\   #
#                    -I E:\Desktop\J19B_4E\BSP\delay\ -I                      #
#                    E:\Desktop\J19B_4E\BSP\tim1\ --vregs 16                  #
#    List file    =  E:\Desktop\J19B_4E\Debug\List\spi.lst                    #
#    Object file  =  E:\Desktop\J19B_4E\Debug\Obj\spi.o                       #
#                                                                             #
#                                                                             #
###############################################################################

E:\Desktop\J19B_4E\BSP\spi\spi.c
      1          #include "spi.h"
      2          #include "delay.h"
      3          #include "AD7798.h"
      4          void SPI_conf()
      5          {
      6            /* PA3 -> SPI_SEL   CS
      7             * PC5 -> SPI_CLK   SCLK
      8             * PC6 -> SPI_MOSI  DIN
      9             * PC7 <- SPI_MISO  DOUT/RDY                                                       
     10            */
     11            
     12            GPIO_Init(GPIOA,(GPIO_Pin_TypeDef)GPIO_PIN_3,GPIO_MODE_OUT_PP_HIGH_FAST);
     13            GPIO_Init(GPIOC,(GPIO_Pin_TypeDef)GPIO_PIN_7,GPIO_MODE_IN_PU_NO_IT);
     14            GPIO_Init(GPIOC,(GPIO_Pin_TypeDef)GPIO_PIN_6,GPIO_MODE_OUT_PP_HIGH_FAST);
     15            GPIO_Init(GPIOC,(GPIO_Pin_TypeDef)GPIO_PIN_5,GPIO_MODE_OUT_PP_HIGH_FAST);
     16            GPIO_WriteHigh(GPIOA,(GPIO_Pin_TypeDef)GPIO_PIN_3);
     17          }
     18          
     19          unsigned char SPI_Write(u8* data,
     20                                  u8 bytesNumber)
     21          {
     22            u8 WriteData = 0;
     23            AD7798_SCLK_HIGH ;
     24            Delay_10us();
     25          
     26            for (int j = 0; j < bytesNumber;j++)
     27            {
     28              WriteData = data[j];
     29              for(int i=0;i<8;i++)
     30              {
     31                AD7798_SCLK_LOW ;
     32                if(WriteData&0x80) AD7798_DIN_HIGH;
     33                else AD7798_DIN_LOW ;
     34                Delay_10us();
     35                AD7798_SCLK_HIGH;
     36                Delay_10us();
     37                WriteData=WriteData<<1;
     38              }  
     39            }
     40          
     41            return bytesNumber;
     42          }
     43          
     44          unsigned char SPI_Read(u8* data,
     45                                 u8 bytesNumber)
     46          {
     47            u8 ReadData = 0 ;
     48            u8 bit;
     49          
     50            AD7798_SCLK_HIGH;
     51            Delay_10us();
     52            for (int j = 0; j < bytesNumber;j++)
     53            {
     54              for(int i=0;i<8;i++)
     55              {
     56                 AD7798_SCLK_LOW;
     57                 ReadData = ReadData<<1 ;
     58                 Delay_10us();
     59                 bit = AD7798_DOUT;
     60                 AD7798_SCLK_HIGH;
     61                 if(bit) ReadData+=1 ;
     62                 Delay_10us();
     63                 
     64              }
     65              data[j] = ReadData;
     66            }   
     67            return bytesNumber;                  
     68          }
     69          void WaitRDY(void)
     70          {
     71            u16 cont = 0;
     72            while(AD7798_DOUT)
     73            {
     74              cont++;
     75              if(cont>65530)
     76              {
     77                AD7798_Init();
     78                break ;
     79              }
     80            }
     81          }

   Section sizes:

     Function/Label Bytes
     -------------- -----
     SPI_conf         56
     SPI_Write       132
     SPI_Read        129
     WaitRDY          16

 
 333 bytes in section .near_func.text
 
 333 bytes of CODE memory

Errors: none
Warnings: none
