###############################################################################
#                                                                             #
# IAR C/C++ Compiler V1.31.1.20058 [Evaluation] for STM828/May/2019  16:25:29 #
# Copyright 2010-2012 IAR Systems AB.                                         #
#                                                                             #
#    Source file  =  E:\Desktop\J19B_STM8\BSP\tim1\tim1.c                     #
#    Command line =  E:\Desktop\J19B_STM8\BSP\tim1\tim1.c -e -Ol --no_cse     #
#                    --no_unroll --no_inline --no_code_motion --no_tbaa       #
#                    --no_cross_call --debug --code_model small --data_model  #
#                    medium -o E:\Desktop\J19B_STM8\Debug\Obj\ --dlib_config  #
#                    "D:\Program Files (x86)\IAR Systems\Embedded Workbench   #
#                    6.0 Evaluation\stm8\LIB\dlstm8smf.h" -lcN                #
#                    E:\Desktop\J19B_STM8\Debug\List\ -lB                     #
#                    E:\Desktop\J19B_STM8\Debug\List\ -I                      #
#                    E:\Desktop\J19B_STM8\Lib\inc\ -I                         #
#                    E:\Desktop\J19B_STM8\BSP\led\ -I                         #
#                    E:\Desktop\J19B_STM8\BSP\uart\ -I                        #
#                    E:\Desktop\J19B_STM8\BSP\AD7798\ -I                      #
#                    E:\Desktop\J19B_STM8\BSP\spi\ -I                         #
#                    E:\Desktop\J19B_STM8\USR\ -I                             #
#                    E:\Desktop\J19B_STM8\BSP\delay\ -I                       #
#                    E:\Desktop\J19B_STM8\BSP\tim1\ --vregs 16                #
#    List file    =  E:\Desktop\J19B_STM8\Debug\List\tim1.lst                 #
#    Object file  =  E:\Desktop\J19B_STM8\Debug\Obj\tim1.o                    #
#                                                                             #
#                                                                             #
###############################################################################

E:\Desktop\J19B_STM8\BSP\tim1\tim1.c
      1          #include "tim1.h"
      2          void timer1_Init(void)
      3          {
      4            CLK_PeripheralClockConfig(CLK_PERIPHERAL_TIMER1, ENABLE);  
      5            TIM1_DeInit();
      6            TIM1_TimeBaseInit(15,TIM1_COUNTERMODE_UP,9999,0);
      7          
      8            TIM1_ITConfig(TIM1_IT_UPDATE, DISABLE);
      9            TIM1_ARRPreloadConfig(ENABLE);
     10            TIM1_SetCounter(0);
     11            TIM1_Cmd(ENABLE);
     12          }

   Section sizes:

     Function/Label Bytes
     -------------- -----
     timer1_Init      46

 
 46 bytes in section .near_func.text
 
 46 bytes of CODE memory

Errors: none
Warnings: none
